0 info it worked if it ends with ok
1 verbose cli [ 'C:\\Program Files\\nodejs\\node.exe',
1 verbose cli   'C:\\Program Files\\nodejs\\node_modules\\npm\\bin\\npm-cli.js',
1 verbose cli   'install',
1 verbose cli   'bcrypt',
1 verbose cli   '--save' ]
2 info using npm@3.10.9
3 info using node@v6.9.2
4 silly loadCurrentTree Starting
5 silly install loadCurrentTree
6 silly install readLocalPackageData
7 silly fetchPackageMetaData bcrypt@~0.8.1
8 silly fetchNamedPackageData bcrypt
9 silly mapToRegistry name bcrypt
10 silly mapToRegistry using default registry
11 silly mapToRegistry registry https://registry.npmjs.org/
12 silly mapToRegistry data Result {
12 silly mapToRegistry   raw: 'bcrypt',
12 silly mapToRegistry   scope: null,
12 silly mapToRegistry   escapedName: 'bcrypt',
12 silly mapToRegistry   name: 'bcrypt',
12 silly mapToRegistry   rawSpec: '',
12 silly mapToRegistry   spec: 'latest',
12 silly mapToRegistry   type: 'tag' }
13 silly mapToRegistry uri https://registry.npmjs.org/bcrypt
14 verbose request uri https://registry.npmjs.org/bcrypt
15 verbose request no auth needed
16 info attempt registry request try #1 at 4:29:31 PM
17 verbose request using bearer token for auth
18 verbose request id 0e3993d63e6dbadf
19 verbose etag W/"592805c0-16f90"
20 verbose lastModified Fri, 26 May 2017 10:38:56 GMT
21 http request GET https://registry.npmjs.org/bcrypt
22 http 304 https://registry.npmjs.org/bcrypt
23 verbose headers { server: 'nginx/1.10.3',
23 verbose headers   'last-modified': 'Fri, 26 May 2017 10:38:56 GMT',
23 verbose headers   etag: '"592805c0-16f90"',
23 verbose headers   'cache-control': 'max-age=300',
23 verbose headers   'accept-ranges': 'bytes',
23 verbose headers   date: 'Sun, 04 Jun 2017 10:59:29 GMT',
23 verbose headers   via: '1.1 varnish',
23 verbose headers   connection: 'keep-alive',
23 verbose headers   'x-served-by': 'cache-sin18024-SIN',
23 verbose headers   'x-cache': 'MISS',
23 verbose headers   'x-cache-hits': '0',
23 verbose headers   'x-timer': 'S1496573969.459913,VS0,VE105',
23 verbose headers   vary: 'Accept-Encoding' }
24 silly get cb [ 304,
24 silly get   { server: 'nginx/1.10.3',
24 silly get     'last-modified': 'Fri, 26 May 2017 10:38:56 GMT',
24 silly get     etag: '"592805c0-16f90"',
24 silly get     'cache-control': 'max-age=300',
24 silly get     'accept-ranges': 'bytes',
24 silly get     date: 'Sun, 04 Jun 2017 10:59:29 GMT',
24 silly get     via: '1.1 varnish',
24 silly get     connection: 'keep-alive',
24 silly get     'x-served-by': 'cache-sin18024-SIN',
24 silly get     'x-cache': 'MISS',
24 silly get     'x-cache-hits': '0',
24 silly get     'x-timer': 'S1496573969.459913,VS0,VE105',
24 silly get     vary: 'Accept-Encoding' } ]
25 verbose etag https://registry.npmjs.org/bcrypt from cache
26 verbose get saving bcrypt to C:\Users\Admin\AppData\Roaming\npm-cache\registry.npmjs.org\bcrypt\.cache.json
27 verbose correctMkdir C:\Users\Admin\AppData\Roaming\npm-cache correctMkdir not in flight; initializing
28 silly install normalizeTree
29 silly loadCurrentTree Finishing
30 silly loadIdealTree Starting
31 silly install loadIdealTree
32 silly cloneCurrentTree Starting
33 silly install cloneCurrentTreeToIdealTree
34 silly cloneCurrentTree Finishing
35 silly loadShrinkwrap Starting
36 silly install loadShrinkwrap
37 silly loadShrinkwrap Finishing
38 silly loadAllDepsIntoIdealTree Starting
39 silly install loadAllDepsIntoIdealTree
40 silly resolveWithNewModule bcrypt@0.8.7 checking installable status
41 silly cache add args [ 'bcrypt@~0.8.1', null ]
42 verbose cache add spec bcrypt@~0.8.1
43 silly cache add parsed spec Result {
43 silly cache add   raw: 'bcrypt@~0.8.1',
43 silly cache add   scope: null,
43 silly cache add   escapedName: 'bcrypt',
43 silly cache add   name: 'bcrypt',
43 silly cache add   rawSpec: '~0.8.1',
43 silly cache add   spec: '>=0.8.1 <0.9.0',
43 silly cache add   type: 'range' }
44 silly addNamed bcrypt@>=0.8.1 <0.9.0
45 verbose addNamed ">=0.8.1 <0.9.0" is a valid semver range for bcrypt
46 silly addNameRange { name: 'bcrypt', range: '>=0.8.1 <0.9.0', hasData: false }
47 silly mapToRegistry name bcrypt
48 silly mapToRegistry using default registry
49 silly mapToRegistry registry https://registry.npmjs.org/
50 silly mapToRegistry data Result {
50 silly mapToRegistry   raw: 'bcrypt',
50 silly mapToRegistry   scope: null,
50 silly mapToRegistry   escapedName: 'bcrypt',
50 silly mapToRegistry   name: 'bcrypt',
50 silly mapToRegistry   rawSpec: '',
50 silly mapToRegistry   spec: 'latest',
50 silly mapToRegistry   type: 'tag' }
51 silly mapToRegistry uri https://registry.npmjs.org/bcrypt
52 verbose addNameRange registry:https://registry.npmjs.org/bcrypt not in flight; fetching
53 verbose get https://registry.npmjs.org/bcrypt not expired, no request
54 silly addNameRange number 2 { name: 'bcrypt', range: '>=0.8.1 <0.9.0', hasData: true }
55 silly addNameRange versions [ 'bcrypt',
55 silly addNameRange   [ '0.1.2',
55 silly addNameRange     '0.2.0',
55 silly addNameRange     '0.2.1',
55 silly addNameRange     '0.1.3',
55 silly addNameRange     '0.2.2',
55 silly addNameRange     '0.2.3',
55 silly addNameRange     '0.2.4',
55 silly addNameRange     '0.3.0',
55 silly addNameRange     '0.3.1',
55 silly addNameRange     '0.3.2',
55 silly addNameRange     '0.4.0',
55 silly addNameRange     '0.4.1',
55 silly addNameRange     '0.5.0',
55 silly addNameRange     '0.6.0',
55 silly addNameRange     '0.7.0',
55 silly addNameRange     '0.7.1',
55 silly addNameRange     '0.7.2',
55 silly addNameRange     '0.7.3',
55 silly addNameRange     '0.7.4',
55 silly addNameRange     '0.7.5',
55 silly addNameRange     '0.7.6',
55 silly addNameRange     '0.7.7',
55 silly addNameRange     '0.7.8',
55 silly addNameRange     '0.8.0',
55 silly addNameRange     '0.8.1',
55 silly addNameRange     '0.8.2',
55 silly addNameRange     '0.8.3',
55 silly addNameRange     '0.8.4',
55 silly addNameRange     '0.8.5',
55 silly addNameRange     '0.8.6',
55 silly addNameRange     '0.8.7',
55 silly addNameRange     '1.0.0',
55 silly addNameRange     '1.0.1',
55 silly addNameRange     '1.0.2' ] ]
56 silly addNamed bcrypt@0.8.7
57 verbose addNamed "0.8.7" is a plain semver version for bcrypt
58 silly cache afterAdd bcrypt@0.8.7
59 verbose afterAdd C:\Users\Admin\AppData\Roaming\npm-cache\bcrypt\0.8.7\package\package.json not in flight; writing
60 verbose correctMkdir C:\Users\Admin\AppData\Roaming\npm-cache correctMkdir not in flight; initializing
61 verbose afterAdd C:\Users\Admin\AppData\Roaming\npm-cache\bcrypt\0.8.7\package\package.json written
62 silly fetchNamedPackageData bindings
63 silly mapToRegistry name bindings
64 silly mapToRegistry using default registry
65 silly mapToRegistry registry https://registry.npmjs.org/
66 silly mapToRegistry data Result {
66 silly mapToRegistry   raw: 'bindings',
66 silly mapToRegistry   scope: null,
66 silly mapToRegistry   escapedName: 'bindings',
66 silly mapToRegistry   name: 'bindings',
66 silly mapToRegistry   rawSpec: '',
66 silly mapToRegistry   spec: 'latest',
66 silly mapToRegistry   type: 'tag' }
67 silly mapToRegistry uri https://registry.npmjs.org/bindings
68 silly fetchNamedPackageData nan
69 silly mapToRegistry name nan
70 silly mapToRegistry using default registry
71 silly mapToRegistry registry https://registry.npmjs.org/
72 silly mapToRegistry data Result {
72 silly mapToRegistry   raw: 'nan',
72 silly mapToRegistry   scope: null,
72 silly mapToRegistry   escapedName: 'nan',
72 silly mapToRegistry   name: 'nan',
72 silly mapToRegistry   rawSpec: '',
72 silly mapToRegistry   spec: 'latest',
72 silly mapToRegistry   type: 'tag' }
73 silly mapToRegistry uri https://registry.npmjs.org/nan
74 verbose request uri https://registry.npmjs.org/bindings
75 verbose request no auth needed
76 info attempt registry request try #1 at 4:29:32 PM
77 verbose request using bearer token for auth
78 verbose etag W/"59234f99-46bf"
79 verbose lastModified Mon, 22 May 2017 20:52:41 GMT
80 http request GET https://registry.npmjs.org/bindings
81 verbose request uri https://registry.npmjs.org/nan
82 verbose request no auth needed
83 info attempt registry request try #1 at 4:29:32 PM
84 verbose request using bearer token for auth
85 verbose etag W/"592dfb8f-1f9f8"
86 verbose lastModified Tue, 30 May 2017 23:09:03 GMT
87 http request GET https://registry.npmjs.org/nan
88 http 304 https://registry.npmjs.org/bindings
89 verbose headers { server: 'nginx/1.10.3',
89 verbose headers   'last-modified': 'Mon, 22 May 2017 20:52:41 GMT',
89 verbose headers   etag: '"59234f99-46bf"',
89 verbose headers   'cache-control': 'max-age=300',
89 verbose headers   'accept-ranges': 'bytes',
89 verbose headers   date: 'Sun, 04 Jun 2017 10:59:30 GMT',
89 verbose headers   via: '1.1 varnish',
89 verbose headers   connection: 'keep-alive',
89 verbose headers   'x-served-by': 'cache-sin18024-SIN',
89 verbose headers   'x-cache': 'MISS',
89 verbose headers   'x-cache-hits': '0',
89 verbose headers   'x-timer': 'S1496573970.280889,VS0,VE105',
89 verbose headers   vary: 'Accept-Encoding' }
90 silly get cb [ 304,
90 silly get   { server: 'nginx/1.10.3',
90 silly get     'last-modified': 'Mon, 22 May 2017 20:52:41 GMT',
90 silly get     etag: '"59234f99-46bf"',
90 silly get     'cache-control': 'max-age=300',
90 silly get     'accept-ranges': 'bytes',
90 silly get     date: 'Sun, 04 Jun 2017 10:59:30 GMT',
90 silly get     via: '1.1 varnish',
90 silly get     connection: 'keep-alive',
90 silly get     'x-served-by': 'cache-sin18024-SIN',
90 silly get     'x-cache': 'MISS',
90 silly get     'x-cache-hits': '0',
90 silly get     'x-timer': 'S1496573970.280889,VS0,VE105',
90 silly get     vary: 'Accept-Encoding' } ]
91 verbose etag https://registry.npmjs.org/bindings from cache
92 verbose get saving bindings to C:\Users\Admin\AppData\Roaming\npm-cache\registry.npmjs.org\bindings\.cache.json
93 verbose correctMkdir C:\Users\Admin\AppData\Roaming\npm-cache correctMkdir not in flight; initializing
94 silly resolveWithNewModule bindings@1.2.1 checking installable status
95 silly cache add args [ 'bindings@1.2.1', null ]
96 verbose cache add spec bindings@1.2.1
97 silly cache add parsed spec Result {
97 silly cache add   raw: 'bindings@1.2.1',
97 silly cache add   scope: null,
97 silly cache add   escapedName: 'bindings',
97 silly cache add   name: 'bindings',
97 silly cache add   rawSpec: '1.2.1',
97 silly cache add   spec: '1.2.1',
97 silly cache add   type: 'version' }
98 silly addNamed bindings@1.2.1
99 verbose addNamed "1.2.1" is a plain semver version for bindings
100 silly mapToRegistry name bindings
101 silly mapToRegistry using default registry
102 silly mapToRegistry registry https://registry.npmjs.org/
103 silly mapToRegistry data Result {
103 silly mapToRegistry   raw: 'bindings',
103 silly mapToRegistry   scope: null,
103 silly mapToRegistry   escapedName: 'bindings',
103 silly mapToRegistry   name: 'bindings',
103 silly mapToRegistry   rawSpec: '',
103 silly mapToRegistry   spec: 'latest',
103 silly mapToRegistry   type: 'tag' }
104 silly mapToRegistry uri https://registry.npmjs.org/bindings
105 verbose addNameVersion registry:https://registry.npmjs.org/bindings not in flight; fetching
106 verbose get https://registry.npmjs.org/bindings not expired, no request
107 silly cache afterAdd bindings@1.2.1
108 verbose afterAdd C:\Users\Admin\AppData\Roaming\npm-cache\bindings\1.2.1\package\package.json not in flight; writing
109 verbose correctMkdir C:\Users\Admin\AppData\Roaming\npm-cache correctMkdir not in flight; initializing
110 verbose afterAdd C:\Users\Admin\AppData\Roaming\npm-cache\bindings\1.2.1\package\package.json written
111 http 304 https://registry.npmjs.org/nan
112 verbose headers { server: 'nginx/1.10.3',
112 verbose headers   'last-modified': 'Tue, 30 May 2017 23:09:03 GMT',
112 verbose headers   etag: '"592dfb8f-1f9f8"',
112 verbose headers   'cache-control': 'max-age=300',
112 verbose headers   'accept-ranges': 'bytes',
112 verbose headers   date: 'Sun, 04 Jun 2017 10:59:30 GMT',
112 verbose headers   via: '1.1 varnish',
112 verbose headers   connection: 'keep-alive',
112 verbose headers   'x-served-by': 'cache-sin18035-SIN',
112 verbose headers   'x-cache': 'MISS',
112 verbose headers   'x-cache-hits': '0',
112 verbose headers   'x-timer': 'S1496573970.483041,VS0,VE103',
112 verbose headers   vary: 'Accept-Encoding' }
113 silly get cb [ 304,
113 silly get   { server: 'nginx/1.10.3',
113 silly get     'last-modified': 'Tue, 30 May 2017 23:09:03 GMT',
113 silly get     etag: '"592dfb8f-1f9f8"',
113 silly get     'cache-control': 'max-age=300',
113 silly get     'accept-ranges': 'bytes',
113 silly get     date: 'Sun, 04 Jun 2017 10:59:30 GMT',
113 silly get     via: '1.1 varnish',
113 silly get     connection: 'keep-alive',
113 silly get     'x-served-by': 'cache-sin18035-SIN',
113 silly get     'x-cache': 'MISS',
113 silly get     'x-cache-hits': '0',
113 silly get     'x-timer': 'S1496573970.483041,VS0,VE103',
113 silly get     vary: 'Accept-Encoding' } ]
114 verbose etag https://registry.npmjs.org/nan from cache
115 verbose get saving nan to C:\Users\Admin\AppData\Roaming\npm-cache\registry.npmjs.org\nan\.cache.json
116 verbose correctMkdir C:\Users\Admin\AppData\Roaming\npm-cache correctMkdir not in flight; initializing
117 silly resolveWithNewModule nan@2.3.5 checking installable status
118 silly cache add args [ 'nan@2.3.5', null ]
119 verbose cache add spec nan@2.3.5
120 silly cache add parsed spec Result {
120 silly cache add   raw: 'nan@2.3.5',
120 silly cache add   scope: null,
120 silly cache add   escapedName: 'nan',
120 silly cache add   name: 'nan',
120 silly cache add   rawSpec: '2.3.5',
120 silly cache add   spec: '2.3.5',
120 silly cache add   type: 'version' }
121 silly addNamed nan@2.3.5
122 verbose addNamed "2.3.5" is a plain semver version for nan
123 silly mapToRegistry name nan
124 silly mapToRegistry using default registry
125 silly mapToRegistry registry https://registry.npmjs.org/
126 silly mapToRegistry data Result {
126 silly mapToRegistry   raw: 'nan',
126 silly mapToRegistry   scope: null,
126 silly mapToRegistry   escapedName: 'nan',
126 silly mapToRegistry   name: 'nan',
126 silly mapToRegistry   rawSpec: '',
126 silly mapToRegistry   spec: 'latest',
126 silly mapToRegistry   type: 'tag' }
127 silly mapToRegistry uri https://registry.npmjs.org/nan
128 verbose addNameVersion registry:https://registry.npmjs.org/nan not in flight; fetching
129 verbose get https://registry.npmjs.org/nan not expired, no request
130 silly cache afterAdd nan@2.3.5
131 verbose afterAdd C:\Users\Admin\AppData\Roaming\npm-cache\nan\2.3.5\package\package.json not in flight; writing
132 verbose correctMkdir C:\Users\Admin\AppData\Roaming\npm-cache correctMkdir not in flight; initializing
133 verbose afterAdd C:\Users\Admin\AppData\Roaming\npm-cache\nan\2.3.5\package\package.json written
134 silly loadAllDepsIntoIdealTree Finishing
135 silly loadIdealTree Finishing
136 silly currentTree google-auth@0.0.0
136 silly currentTree +-- accepts@1.3.3
136 silly currentTree +-- acorn-globals@1.0.9
136 silly currentTree +-- acorn@2.7.0
136 silly currentTree +-- align-text@0.1.4
136 silly currentTree +-- amdefine@1.0.1
136 silly currentTree +-- array-flatten@1.1.1
136 silly currentTree +-- asap@1.0.0
136 silly currentTree +-- async@2.1.4
136 silly currentTree +-- basic-auth@1.1.0
136 silly currentTree +-- bluebird@2.10.2
136 silly currentTree +-- body-parser@1.17.2
136 silly currentTree | `-- debug@2.6.7
136 silly currentTree +-- bson@1.0.4
136 silly currentTree +-- buffer-shims@1.0.0
136 silly currentTree +-- bytes@2.4.0
136 silly currentTree +-- camelcase@1.2.1
136 silly currentTree +-- center-align@0.1.3
136 silly currentTree +-- character-parser@1.2.1
136 silly currentTree +-- clean-css@3.4.26
136 silly currentTree | `-- commander@2.8.1
136 silly currentTree +-- cliui@2.1.0
136 silly currentTree | `-- wordwrap@0.0.2
136 silly currentTree +-- commander@2.6.0
136 silly currentTree +-- connect-flash@0.1.1
136 silly currentTree +-- constantinople@3.0.2
136 silly currentTree +-- content-disposition@0.5.2
136 silly currentTree +-- content-type@1.0.2
136 silly currentTree +-- cookie-parser@1.4.3
136 silly currentTree +-- cookie-signature@1.0.6
136 silly currentTree +-- cookie@0.3.1
136 silly currentTree +-- core-util-is@1.0.2
136 silly currentTree +-- crc@3.4.4
136 silly currentTree +-- css-parse@1.0.4
136 silly currentTree +-- css-stringify@1.0.5
136 silly currentTree +-- css@1.0.8
136 silly currentTree +-- debug@2.6.8
136 silly currentTree +-- decamelize@1.2.0
136 silly currentTree +-- depd@1.1.0
136 silly currentTree +-- destroy@1.0.4
136 silly currentTree +-- ee-first@1.1.1
136 silly currentTree +-- ejs@2.5.6
136 silly currentTree +-- encodeurl@1.0.1
136 silly currentTree +-- es6-promise@3.2.1
136 silly currentTree +-- escape-html@1.0.3
136 silly currentTree +-- etag@1.8.0
136 silly currentTree +-- express-session@1.15.3
136 silly currentTree | `-- debug@2.6.7
136 silly currentTree +-- express@4.15.3
136 silly currentTree | `-- debug@2.6.7
136 silly currentTree +-- finalhandler@1.0.3
136 silly currentTree | `-- debug@2.6.7
136 silly currentTree +-- forwarded@0.1.0
136 silly currentTree +-- fresh@0.5.0
136 silly currentTree +-- graceful-readlink@1.0.1
136 silly currentTree +-- hooks-fixed@2.0.0
136 silly currentTree +-- http-errors@1.6.1
136 silly currentTree +-- iconv-lite@0.4.15
136 silly currentTree +-- inherits@2.0.3
136 silly currentTree +-- ipaddr.js@1.3.0
136 silly currentTree +-- is-buffer@1.1.5
136 silly currentTree +-- is-promise@2.1.0
136 silly currentTree +-- isarray@1.0.0
136 silly currentTree +-- jade@1.11.0
136 silly currentTree +-- jstransformer@0.0.2
136 silly currentTree +-- kareem@1.4.1
136 silly currentTree +-- kind-of@3.2.2
136 silly currentTree +-- lazy-cache@1.0.4
136 silly currentTree +-- lodash@4.17.4
136 silly currentTree +-- longest@1.0.1
136 silly currentTree +-- media-typer@0.3.0
136 silly currentTree +-- merge-descriptors@1.0.1
136 silly currentTree +-- methods@1.1.2
136 silly currentTree +-- mime-db@1.27.0
136 silly currentTree +-- mime-types@2.1.15
136 silly currentTree +-- mime@1.3.4
136 silly currentTree +-- minimist@0.0.8
136 silly currentTree +-- mkdirp@0.5.1
136 silly currentTree +-- mongodb-core@2.1.11
136 silly currentTree +-- mongodb@2.2.27
136 silly currentTree +-- mongoose@4.10.4
136 silly currentTree +-- morgan@1.8.2
136 silly currentTree +-- mpath@0.2.1
136 silly currentTree +-- mpromise@0.5.5
136 silly currentTree +-- mquery@2.3.1
136 silly currentTree | `-- sliced@0.0.5
136 silly currentTree +-- ms@2.0.0
136 silly currentTree +-- muri@1.2.1
136 silly currentTree +-- negotiator@0.6.1
136 silly currentTree +-- oauth@0.9.15
136 silly currentTree +-- on-finished@2.3.0
136 silly currentTree +-- on-headers@1.0.1
136 silly currentTree +-- openid@0.5.13
136 silly currentTree +-- optimist@0.3.7
136 silly currentTree +-- parseurl@1.3.1
136 silly currentTree +-- passport-facebook@2.1.1
136 silly currentTree +-- passport-google-oauth@1.0.0
136 silly currentTree +-- passport-google-oauth1@1.0.0
136 silly currentTree +-- passport-google-oauth20@1.0.0
136 silly currentTree +-- passport-google@0.3.0
136 silly currentTree +-- passport-local@1.0.0
136 silly currentTree +-- passport-oauth1@1.1.0
136 silly currentTree +-- passport-oauth2@1.4.0
136 silly currentTree +-- passport-openid@0.3.1
136 silly currentTree | `-- passport@0.1.18
136 silly currentTree +-- passport-strategy@1.0.0
136 silly currentTree +-- passport@0.3.2
136 silly currentTree +-- path-to-regexp@0.1.7
136 silly currentTree +-- pause@0.0.1
136 silly currentTree +-- pkginfo@0.2.3
136 silly currentTree +-- process-nextick-args@1.0.7
136 silly currentTree +-- promise@6.1.0
136 silly currentTree +-- proxy-addr@1.1.4
136 silly currentTree +-- qs@6.4.0
136 silly currentTree +-- random-bytes@1.0.0
136 silly currentTree +-- range-parser@1.2.0
136 silly currentTree +-- raw-body@2.2.0
136 silly currentTree +-- readable-stream@2.2.7
136 silly currentTree +-- regexp-clone@0.0.1
136 silly currentTree +-- repeat-string@1.6.1
136 silly currentTree +-- require_optional@1.0.0
136 silly currentTree +-- resolve-from@2.0.0
136 silly currentTree +-- right-align@0.1.3
136 silly currentTree +-- safe-buffer@5.0.1
136 silly currentTree +-- semver@5.3.0
136 silly currentTree +-- send@0.15.3
136 silly currentTree | `-- debug@2.6.7
136 silly currentTree +-- serve-favicon@2.4.3
136 silly currentTree +-- serve-static@1.12.3
136 silly currentTree +-- setprototypeof@1.0.3
136 silly currentTree +-- sliced@1.0.1
136 silly currentTree +-- source-map@0.4.4
136 silly currentTree +-- statuses@1.3.1
136 silly currentTree +-- string_decoder@1.0.1
136 silly currentTree +-- transformers@2.1.0
136 silly currentTree | +-- is-promise@1.0.1
136 silly currentTree | +-- promise@2.0.0
136 silly currentTree | +-- source-map@0.1.43
136 silly currentTree | `-- uglify-js@2.2.5
136 silly currentTree +-- type-is@1.6.15
136 silly currentTree +-- uglify-js@2.8.28
136 silly currentTree | `-- source-map@0.5.6
136 silly currentTree +-- uglify-to-browserify@1.0.2
136 silly currentTree +-- uid-safe@2.1.4
136 silly currentTree +-- uid2@0.0.3
136 silly currentTree +-- unpipe@1.0.0
136 silly currentTree +-- util-deprecate@1.0.2
136 silly currentTree +-- utils-merge@1.0.0
136 silly currentTree +-- vary@1.1.1
136 silly currentTree +-- void-elements@2.0.1
136 silly currentTree +-- window-size@0.1.0
136 silly currentTree +-- with@4.0.3
136 silly currentTree | `-- acorn@1.2.2
136 silly currentTree +-- wordwrap@0.0.3
136 silly currentTree `-- yargs@3.10.0
137 silly idealTree google-auth@0.0.0
137 silly idealTree +-- accepts@1.3.3
137 silly idealTree +-- acorn-globals@1.0.9
137 silly idealTree +-- acorn@2.7.0
137 silly idealTree +-- align-text@0.1.4
137 silly idealTree +-- amdefine@1.0.1
137 silly idealTree +-- array-flatten@1.1.1
137 silly idealTree +-- asap@1.0.0
137 silly idealTree +-- async@2.1.4
137 silly idealTree +-- basic-auth@1.1.0
137 silly idealTree +-- bcrypt@0.8.7
137 silly idealTree +-- bindings@1.2.1
137 silly idealTree +-- bluebird@2.10.2
137 silly idealTree +-- body-parser@1.17.2
137 silly idealTree | `-- debug@2.6.7
137 silly idealTree +-- bson@1.0.4
137 silly idealTree +-- buffer-shims@1.0.0
137 silly idealTree +-- bytes@2.4.0
137 silly idealTree +-- camelcase@1.2.1
137 silly idealTree +-- center-align@0.1.3
137 silly idealTree +-- character-parser@1.2.1
137 silly idealTree +-- clean-css@3.4.26
137 silly idealTree | `-- commander@2.8.1
137 silly idealTree +-- cliui@2.1.0
137 silly idealTree | `-- wordwrap@0.0.2
137 silly idealTree +-- commander@2.6.0
137 silly idealTree +-- connect-flash@0.1.1
137 silly idealTree +-- constantinople@3.0.2
137 silly idealTree +-- content-disposition@0.5.2
137 silly idealTree +-- content-type@1.0.2
137 silly idealTree +-- cookie-parser@1.4.3
137 silly idealTree +-- cookie-signature@1.0.6
137 silly idealTree +-- cookie@0.3.1
137 silly idealTree +-- core-util-is@1.0.2
137 silly idealTree +-- crc@3.4.4
137 silly idealTree +-- css-parse@1.0.4
137 silly idealTree +-- css-stringify@1.0.5
137 silly idealTree +-- css@1.0.8
137 silly idealTree +-- debug@2.6.8
137 silly idealTree +-- decamelize@1.2.0
137 silly idealTree +-- depd@1.1.0
137 silly idealTree +-- destroy@1.0.4
137 silly idealTree +-- ee-first@1.1.1
137 silly idealTree +-- ejs@2.5.6
137 silly idealTree +-- encodeurl@1.0.1
137 silly idealTree +-- es6-promise@3.2.1
137 silly idealTree +-- escape-html@1.0.3
137 silly idealTree +-- etag@1.8.0
137 silly idealTree +-- express-session@1.15.3
137 silly idealTree | `-- debug@2.6.7
137 silly idealTree +-- express@4.15.3
137 silly idealTree | `-- debug@2.6.7
137 silly idealTree +-- finalhandler@1.0.3
137 silly idealTree | `-- debug@2.6.7
137 silly idealTree +-- forwarded@0.1.0
137 silly idealTree +-- fresh@0.5.0
137 silly idealTree +-- graceful-readlink@1.0.1
137 silly idealTree +-- hooks-fixed@2.0.0
137 silly idealTree +-- http-errors@1.6.1
137 silly idealTree +-- iconv-lite@0.4.15
137 silly idealTree +-- inherits@2.0.3
137 silly idealTree +-- ipaddr.js@1.3.0
137 silly idealTree +-- is-buffer@1.1.5
137 silly idealTree +-- is-promise@2.1.0
137 silly idealTree +-- isarray@1.0.0
137 silly idealTree +-- jade@1.11.0
137 silly idealTree +-- jstransformer@0.0.2
137 silly idealTree +-- kareem@1.4.1
137 silly idealTree +-- kind-of@3.2.2
137 silly idealTree +-- lazy-cache@1.0.4
137 silly idealTree +-- lodash@4.17.4
137 silly idealTree +-- longest@1.0.1
137 silly idealTree +-- media-typer@0.3.0
137 silly idealTree +-- merge-descriptors@1.0.1
137 silly idealTree +-- methods@1.1.2
137 silly idealTree +-- mime-db@1.27.0
137 silly idealTree +-- mime-types@2.1.15
137 silly idealTree +-- mime@1.3.4
137 silly idealTree +-- minimist@0.0.8
137 silly idealTree +-- mkdirp@0.5.1
137 silly idealTree +-- mongodb-core@2.1.11
137 silly idealTree +-- mongodb@2.2.27
137 silly idealTree +-- mongoose@4.10.4
137 silly idealTree +-- morgan@1.8.2
137 silly idealTree +-- mpath@0.2.1
137 silly idealTree +-- mpromise@0.5.5
137 silly idealTree +-- mquery@2.3.1
137 silly idealTree | `-- sliced@0.0.5
137 silly idealTree +-- ms@2.0.0
137 silly idealTree +-- muri@1.2.1
137 silly idealTree +-- nan@2.3.5
137 silly idealTree +-- negotiator@0.6.1
137 silly idealTree +-- oauth@0.9.15
137 silly idealTree +-- on-finished@2.3.0
137 silly idealTree +-- on-headers@1.0.1
137 silly idealTree +-- openid@0.5.13
137 silly idealTree +-- optimist@0.3.7
137 silly idealTree +-- parseurl@1.3.1
137 silly idealTree +-- passport-facebook@2.1.1
137 silly idealTree +-- passport-google-oauth@1.0.0
137 silly idealTree +-- passport-google-oauth1@1.0.0
137 silly idealTree +-- passport-google-oauth20@1.0.0
137 silly idealTree +-- passport-google@0.3.0
137 silly idealTree +-- passport-local@1.0.0
137 silly idealTree +-- passport-oauth1@1.1.0
137 silly idealTree +-- passport-oauth2@1.4.0
137 silly idealTree +-- passport-openid@0.3.1
137 silly idealTree | `-- passport@0.1.18
137 silly idealTree +-- passport-strategy@1.0.0
137 silly idealTree +-- passport@0.3.2
137 silly idealTree +-- path-to-regexp@0.1.7
137 silly idealTree +-- pause@0.0.1
137 silly idealTree +-- pkginfo@0.2.3
137 silly idealTree +-- process-nextick-args@1.0.7
137 silly idealTree +-- promise@6.1.0
137 silly idealTree +-- proxy-addr@1.1.4
137 silly idealTree +-- qs@6.4.0
137 silly idealTree +-- random-bytes@1.0.0
137 silly idealTree +-- range-parser@1.2.0
137 silly idealTree +-- raw-body@2.2.0
137 silly idealTree +-- readable-stream@2.2.7
137 silly idealTree +-- regexp-clone@0.0.1
137 silly idealTree +-- repeat-string@1.6.1
137 silly idealTree +-- require_optional@1.0.0
137 silly idealTree +-- resolve-from@2.0.0
137 silly idealTree +-- right-align@0.1.3
137 silly idealTree +-- safe-buffer@5.0.1
137 silly idealTree +-- semver@5.3.0
137 silly idealTree +-- send@0.15.3
137 silly idealTree | `-- debug@2.6.7
137 silly idealTree +-- serve-favicon@2.4.3
137 silly idealTree +-- serve-static@1.12.3
137 silly idealTree +-- setprototypeof@1.0.3
137 silly idealTree +-- sliced@1.0.1
137 silly idealTree +-- source-map@0.4.4
137 silly idealTree +-- statuses@1.3.1
137 silly idealTree +-- string_decoder@1.0.1
137 silly idealTree +-- transformers@2.1.0
137 silly idealTree | +-- is-promise@1.0.1
137 silly idealTree | +-- promise@2.0.0
137 silly idealTree | +-- source-map@0.1.43
137 silly idealTree | `-- uglify-js@2.2.5
137 silly idealTree +-- type-is@1.6.15
137 silly idealTree +-- uglify-js@2.8.28
137 silly idealTree | `-- source-map@0.5.6
137 silly idealTree +-- uglify-to-browserify@1.0.2
137 silly idealTree +-- uid-safe@2.1.4
137 silly idealTree +-- uid2@0.0.3
137 silly idealTree +-- unpipe@1.0.0
137 silly idealTree +-- util-deprecate@1.0.2
137 silly idealTree +-- utils-merge@1.0.0
137 silly idealTree +-- vary@1.1.1
137 silly idealTree +-- void-elements@2.0.1
137 silly idealTree +-- window-size@0.1.0
137 silly idealTree +-- with@4.0.3
137 silly idealTree | `-- acorn@1.2.2
137 silly idealTree +-- wordwrap@0.0.3
137 silly idealTree `-- yargs@3.10.0
138 silly generateActionsToTake Starting
139 silly install generateActionsToTake
140 silly generateActionsToTake Finishing
141 silly diffTrees action count 3
142 silly diffTrees add bindings@1.2.1
143 silly diffTrees add nan@2.3.5
144 silly diffTrees add bcrypt@0.8.7
145 silly decomposeActions action count 24
146 silly decomposeActions fetch bindings@1.2.1
147 silly decomposeActions extract bindings@1.2.1
148 silly decomposeActions test bindings@1.2.1
149 silly decomposeActions preinstall bindings@1.2.1
150 silly decomposeActions build bindings@1.2.1
151 silly decomposeActions install bindings@1.2.1
152 silly decomposeActions postinstall bindings@1.2.1
153 silly decomposeActions finalize bindings@1.2.1
154 silly decomposeActions fetch nan@2.3.5
155 silly decomposeActions extract nan@2.3.5
156 silly decomposeActions test nan@2.3.5
157 silly decomposeActions preinstall nan@2.3.5
158 silly decomposeActions build nan@2.3.5
159 silly decomposeActions install nan@2.3.5
160 silly decomposeActions postinstall nan@2.3.5
161 silly decomposeActions finalize nan@2.3.5
162 silly decomposeActions fetch bcrypt@0.8.7
163 silly decomposeActions extract bcrypt@0.8.7
164 silly decomposeActions test bcrypt@0.8.7
165 silly decomposeActions preinstall bcrypt@0.8.7
166 silly decomposeActions build bcrypt@0.8.7
167 silly decomposeActions install bcrypt@0.8.7
168 silly decomposeActions postinstall bcrypt@0.8.7
169 silly decomposeActions finalize bcrypt@0.8.7
170 silly runTopLevelLifecycles Starting
171 silly executeActions Starting
172 silly install executeActions
173 silly doSerial global-install 0
174 silly doParallel fetch 3
175 verbose correctMkdir C:\Users\Admin\AppData\Roaming\npm-cache\_locks correctMkdir not in flight; initializing
176 verbose lock using C:\Users\Admin\AppData\Roaming\npm-cache\_locks\staging-eafd2494bf83ab71.lock for C:\Users\Admin\desktop\google-auth\node_modules\.staging
177 silly doParallel extract 3
178 silly extract bindings@1.2.1
179 silly extract nan@2.3.5
180 silly extract bcrypt@0.8.7
181 verbose unbuild node_modules\.staging\bindings-cb70f1ce
182 verbose unbuild node_modules\.staging\nan-960750e9
183 verbose unbuild node_modules\.staging\bcrypt-4b28b669
184 silly gentlyRm C:\Users\Admin\desktop\google-auth\node_modules\.staging\bindings-cb70f1ce is being purged from base C:\Users\Admin\desktop\google-auth
185 verbose gentlyRm don't care about contents; nuking C:\Users\Admin\desktop\google-auth\node_modules\.staging\bindings-cb70f1ce
186 silly gentlyRm C:\Users\Admin\desktop\google-auth\node_modules\.staging\nan-960750e9 is being purged from base C:\Users\Admin\desktop\google-auth
187 verbose gentlyRm don't care about contents; nuking C:\Users\Admin\desktop\google-auth\node_modules\.staging\nan-960750e9
188 verbose tar unpack C:\Users\Admin\AppData\Roaming\npm-cache\bindings\1.2.1\package.tgz
189 verbose tar unpacking to C:\Users\Admin\desktop\google-auth\node_modules\.staging\bindings-cb70f1ce
190 silly gentlyRm C:\Users\Admin\desktop\google-auth\node_modules\.staging\bindings-cb70f1ce is being purged
191 verbose gentlyRm don't care about contents; nuking C:\Users\Admin\desktop\google-auth\node_modules\.staging\bindings-cb70f1ce
192 silly gentlyRm C:\Users\Admin\desktop\google-auth\node_modules\.staging\bcrypt-4b28b669 is being purged from base C:\Users\Admin\desktop\google-auth
193 verbose gentlyRm don't care about contents; nuking C:\Users\Admin\desktop\google-auth\node_modules\.staging\bcrypt-4b28b669
194 verbose tar unpack C:\Users\Admin\AppData\Roaming\npm-cache\nan\2.3.5\package.tgz
195 verbose tar unpacking to C:\Users\Admin\desktop\google-auth\node_modules\.staging\nan-960750e9
196 silly gentlyRm C:\Users\Admin\desktop\google-auth\node_modules\.staging\nan-960750e9 is being purged
197 verbose gentlyRm don't care about contents; nuking C:\Users\Admin\desktop\google-auth\node_modules\.staging\nan-960750e9
198 silly gunzTarPerm modes [ '777', '666' ]
199 verbose tar unpack C:\Users\Admin\AppData\Roaming\npm-cache\bcrypt\0.8.7\package.tgz
200 verbose tar unpacking to C:\Users\Admin\desktop\google-auth\node_modules\.staging\bcrypt-4b28b669
201 silly gentlyRm C:\Users\Admin\desktop\google-auth\node_modules\.staging\bcrypt-4b28b669 is being purged
202 verbose gentlyRm don't care about contents; nuking C:\Users\Admin\desktop\google-auth\node_modules\.staging\bcrypt-4b28b669
203 silly gunzTarPerm modes [ '777', '666' ]
204 silly gunzTarPerm modes [ '777', '666' ]
205 silly gunzTarPerm extractEntry package.json
206 silly gunzTarPerm modified mode [ 'package.json', 420, 438 ]
207 silly gunzTarPerm extractEntry package.json
208 silly gunzTarPerm modified mode [ 'package.json', 436, 438 ]
209 silly gunzTarPerm extractEntry package.json
210 silly gunzTarPerm modified mode [ 'package.json', 420, 438 ]
211 silly gunzTarPerm extractEntry README.md
212 silly gunzTarPerm modified mode [ 'README.md', 420, 438 ]
213 silly gunzTarPerm extractEntry bindings.js
214 silly gunzTarPerm modified mode [ 'bindings.js', 420, 438 ]
215 silly gunzTarPerm extractEntry README.md
216 silly gunzTarPerm modified mode [ 'README.md', 436, 438 ]
217 silly gunzTarPerm extractEntry include_dirs.js
218 silly gunzTarPerm modified mode [ 'include_dirs.js', 436, 438 ]
219 silly gunzTarPerm extractEntry .npmignore
220 silly gunzTarPerm modified mode [ '.npmignore', 420, 438 ]
221 silly gunzTarPerm extractEntry README.md
222 silly gunzTarPerm modified mode [ 'README.md', 420, 438 ]
223 silly gunzTarPerm extractEntry nan_converters.h
224 silly gunzTarPerm modified mode [ 'nan_converters.h', 436, 438 ]
225 silly gunzTarPerm extractEntry LICENSE.md
226 silly gunzTarPerm modified mode [ 'LICENSE.md', 436, 438 ]
227 silly gunzTarPerm extractEntry doc/node_misc.md
228 silly gunzTarPerm modified mode [ 'doc/node_misc.md', 436, 438 ]
229 silly gunzTarPerm extractEntry LICENSE
230 silly gunzTarPerm modified mode [ 'LICENSE', 420, 438 ]
231 silly gunzTarPerm extractEntry bcrypt.js
232 silly gunzTarPerm modified mode [ 'bcrypt.js', 420, 438 ]
233 silly gunzTarPerm extractEntry Makefile
234 silly gunzTarPerm modified mode [ 'Makefile', 420, 438 ]
235 silly gunzTarPerm extractEntry .travis.yml
236 silly gunzTarPerm modified mode [ '.travis.yml', 420, 438 ]
237 silly gunzTarPerm extractEntry CHANGELOG.md
238 silly gunzTarPerm modified mode [ 'CHANGELOG.md', 420, 438 ]
239 silly gunzTarPerm extractEntry binding.gyp
240 silly gunzTarPerm modified mode [ 'binding.gyp', 420, 438 ]
241 silly gunzTarPerm extractEntry examples/async_compare.js
242 silly gunzTarPerm modified mode [ 'examples/async_compare.js', 420, 438 ]
243 silly gunzTarPerm extractEntry examples/forever_gen_salt.js
244 silly gunzTarPerm modified mode [ 'examples/forever_gen_salt.js', 420, 438 ]
245 silly gunzTarPerm extractEntry test/async.js
246 silly gunzTarPerm modified mode [ 'test/async.js', 420, 438 ]
247 silly gunzTarPerm extractEntry test/repetitions.js
248 silly gunzTarPerm modified mode [ 'test/repetitions.js', 420, 438 ]
249 silly gunzTarPerm extractEntry test/sync.js
250 silly gunzTarPerm modified mode [ 'test/sync.js', 420, 438 ]
251 silly gunzTarPerm extractEntry ISSUE_TEMPLATE.md
252 silly gunzTarPerm modified mode [ 'ISSUE_TEMPLATE.md', 420, 438 ]
253 silly gunzTarPerm extractEntry src/bcrypt.cc
254 silly gunzTarPerm modified mode [ 'src/bcrypt.cc', 420, 438 ]
255 silly gunzTarPerm extractEntry src/bcrypt_node.cc
256 silly gunzTarPerm modified mode [ 'src/bcrypt_node.cc', 420, 438 ]
257 silly gunzTarPerm extractEntry src/blowfish.cc
258 silly gunzTarPerm modified mode [ 'src/blowfish.cc', 420, 438 ]
259 silly gunzTarPerm extractEntry src/node_blf.h
260 silly gunzTarPerm modified mode [ 'src/node_blf.h', 420, 438 ]
261 silly gunzTarPerm extractEntry werker.yml
262 silly gunzTarPerm modified mode [ 'werker.yml', 420, 438 ]
263 silly gunzTarPerm extractEntry doc/asyncworker.md
264 silly gunzTarPerm modified mode [ 'doc/asyncworker.md', 436, 438 ]
265 silly gunzTarPerm extractEntry doc/callback.md
266 silly gunzTarPerm modified mode [ 'doc/callback.md', 436, 438 ]
267 silly gunzTarPerm extractEntry doc/converters.md
268 silly gunzTarPerm modified mode [ 'doc/converters.md', 436, 438 ]
269 silly gunzTarPerm extractEntry doc/errors.md
270 silly gunzTarPerm modified mode [ 'doc/errors.md', 436, 438 ]
271 silly gunzTarPerm extractEntry doc/maybe_types.md
272 silly gunzTarPerm modified mode [ 'doc/maybe_types.md', 436, 438 ]
273 silly gentlyRm C:\Users\Admin\desktop\google-auth\node_modules\.staging\bindings-cb70f1ce\node_modules is being purged
274 verbose gentlyRm don't care about contents; nuking C:\Users\Admin\desktop\google-auth\node_modules\.staging\bindings-cb70f1ce\node_modules
275 silly gunzTarPerm extractEntry doc/methods.md
276 silly gunzTarPerm modified mode [ 'doc/methods.md', 436, 438 ]
277 silly gunzTarPerm extractEntry doc/new.md
278 silly gunzTarPerm modified mode [ 'doc/new.md', 436, 438 ]
279 silly gunzTarPerm extractEntry doc/buffers.md
280 silly gunzTarPerm modified mode [ 'doc/buffers.md', 436, 438 ]
281 silly gunzTarPerm extractEntry doc/object_wrappers.md
282 silly gunzTarPerm modified mode [ 'doc/object_wrappers.md', 436, 438 ]
283 silly gunzTarPerm extractEntry doc/persistent.md
284 silly gunzTarPerm modified mode [ 'doc/persistent.md', 436, 438 ]
285 silly gunzTarPerm extractEntry doc/scopes.md
286 silly gunzTarPerm modified mode [ 'doc/scopes.md', 436, 438 ]
287 silly gunzTarPerm extractEntry doc/script.md
288 silly gunzTarPerm modified mode [ 'doc/script.md', 436, 438 ]
289 silly gunzTarPerm extractEntry doc/string_bytes.md
290 silly gunzTarPerm modified mode [ 'doc/string_bytes.md', 436, 438 ]
291 silly gunzTarPerm extractEntry doc/v8_internals.md
292 silly gunzTarPerm modified mode [ 'doc/v8_internals.md', 436, 438 ]
293 silly gunzTarPerm extractEntry doc/v8_misc.md
294 silly gunzTarPerm modified mode [ 'doc/v8_misc.md', 436, 438 ]
295 silly gunzTarPerm extractEntry nan.h
296 silly gunzTarPerm modified mode [ 'nan.h', 436, 438 ]
297 silly gunzTarPerm extractEntry nan_callbacks.h
298 silly gunzTarPerm modified mode [ 'nan_callbacks.h', 436, 438 ]
299 silly gunzTarPerm extractEntry nan_callbacks_12_inl.h
300 silly gunzTarPerm modified mode [ 'nan_callbacks_12_inl.h', 436, 438 ]
301 silly gunzTarPerm extractEntry nan_callbacks_pre_12_inl.h
302 silly gunzTarPerm modified mode [ 'nan_callbacks_pre_12_inl.h', 436, 438 ]
303 silly gunzTarPerm extractEntry nan_converters_43_inl.h
304 silly gunzTarPerm modified mode [ 'nan_converters_43_inl.h', 436, 438 ]
305 silly gunzTarPerm extractEntry nan_converters_pre_43_inl.h
306 silly gunzTarPerm modified mode [ 'nan_converters_pre_43_inl.h', 436, 438 ]
307 silly gunzTarPerm extractEntry nan_implementation_12_inl.h
308 silly gunzTarPerm modified mode [ 'nan_implementation_12_inl.h', 436, 438 ]
309 silly gunzTarPerm extractEntry nan_implementation_pre_12_inl.h
310 silly gunzTarPerm modified mode [ 'nan_implementation_pre_12_inl.h', 436, 438 ]
311 silly gunzTarPerm extractEntry nan_maybe_43_inl.h
312 silly gunzTarPerm modified mode [ 'nan_maybe_43_inl.h', 436, 438 ]
313 silly gunzTarPerm extractEntry nan_maybe_pre_43_inl.h
314 silly gunzTarPerm modified mode [ 'nan_maybe_pre_43_inl.h', 436, 438 ]
315 silly gunzTarPerm extractEntry nan_new.h
316 silly gunzTarPerm modified mode [ 'nan_new.h', 436, 438 ]
317 silly gunzTarPerm extractEntry nan_object_wrap.h
318 silly gunzTarPerm modified mode [ 'nan_object_wrap.h', 436, 438 ]
319 silly gunzTarPerm extractEntry nan_persistent_12_inl.h
320 silly gunzTarPerm modified mode [ 'nan_persistent_12_inl.h', 436, 438 ]
321 silly gunzTarPerm extractEntry nan_persistent_pre_12_inl.h
322 silly gunzTarPerm modified mode [ 'nan_persistent_pre_12_inl.h', 436, 438 ]
323 silly gunzTarPerm extractEntry nan_string_bytes.h
324 silly gunzTarPerm modified mode [ 'nan_string_bytes.h', 436, 438 ]
325 silly gunzTarPerm extractEntry nan_typedarray_contents.h
326 silly gunzTarPerm modified mode [ 'nan_typedarray_contents.h', 436, 438 ]
327 silly gunzTarPerm extractEntry nan_weak.h
328 silly gunzTarPerm modified mode [ 'nan_weak.h', 436, 438 ]
329 silly gunzTarPerm extractEntry CHANGELOG.md
330 silly gunzTarPerm modified mode [ 'CHANGELOG.md', 436, 438 ]
331 silly gunzTarPerm extractEntry tools/package.json
332 silly gunzTarPerm modified mode [ 'tools/package.json', 436, 438 ]
333 silly gunzTarPerm extractEntry tools/README.md
334 silly gunzTarPerm modified mode [ 'tools/README.md', 436, 438 ]
335 silly gunzTarPerm extractEntry tools/1to2.js
336 silly gunzTarPerm modified mode [ 'tools/1to2.js', 509, 511 ]
337 silly gentlyRm C:\Users\Admin\desktop\google-auth\node_modules\.staging\bcrypt-4b28b669\node_modules is being purged
338 verbose gentlyRm don't care about contents; nuking C:\Users\Admin\desktop\google-auth\node_modules\.staging\bcrypt-4b28b669\node_modules
339 silly gentlyRm C:\Users\Admin\desktop\google-auth\node_modules\.staging\nan-960750e9\node_modules is being purged
340 verbose gentlyRm don't care about contents; nuking C:\Users\Admin\desktop\google-auth\node_modules\.staging\nan-960750e9\node_modules
341 silly doParallel preinstall 3
342 silly preinstall bindings@1.2.1 C:\Users\Admin\desktop\google-auth\node_modules\.staging\bindings-cb70f1ce
343 info lifecycle bindings@1.2.1~preinstall: bindings@1.2.1
344 silly preinstall nan@2.3.5 C:\Users\Admin\desktop\google-auth\node_modules\.staging\nan-960750e9
345 info lifecycle nan@2.3.5~preinstall: nan@2.3.5
346 silly preinstall bcrypt@0.8.7 C:\Users\Admin\desktop\google-auth\node_modules\.staging\bcrypt-4b28b669
347 info lifecycle bcrypt@0.8.7~preinstall: bcrypt@0.8.7
348 silly lifecycle bindings@1.2.1~preinstall: no script for preinstall, continuing
349 silly lifecycle nan@2.3.5~preinstall: no script for preinstall, continuing
350 silly lifecycle bcrypt@0.8.7~preinstall: no script for preinstall, continuing
351 silly doReverseSerial remove 0
352 silly doSerial move 0
353 silly doSerial finalize 3
354 silly finalize C:\Users\Admin\desktop\google-auth\node_modules\bindings
355 silly finalize C:\Users\Admin\desktop\google-auth\node_modules\nan
356 silly finalize C:\Users\Admin\desktop\google-auth\node_modules\bcrypt
357 silly doSerial build 3
358 silly build bindings@1.2.1
359 info linkStuff bindings@1.2.1
360 silly linkStuff bindings@1.2.1 has C:\Users\Admin\desktop\google-auth\node_modules as its parent node_modules
361 verbose linkBins bindings@1.2.1
362 verbose linkMans bindings@1.2.1
363 silly build nan@2.3.5
364 info linkStuff nan@2.3.5
365 silly linkStuff nan@2.3.5 has C:\Users\Admin\desktop\google-auth\node_modules as its parent node_modules
366 verbose linkBins nan@2.3.5
367 verbose linkMans nan@2.3.5
368 silly build bcrypt@0.8.7
369 info linkStuff bcrypt@0.8.7
370 silly linkStuff bcrypt@0.8.7 has C:\Users\Admin\desktop\google-auth\node_modules as its parent node_modules
371 verbose linkBins bcrypt@0.8.7
372 verbose linkMans bcrypt@0.8.7
373 silly doSerial global-link 0
374 silly doParallel update-linked 0
375 silly doSerial install 3
376 silly install bindings@1.2.1 C:\Users\Admin\desktop\google-auth\node_modules\.staging\bindings-cb70f1ce
377 info lifecycle bindings@1.2.1~install: bindings@1.2.1
378 silly lifecycle bindings@1.2.1~install: no script for install, continuing
379 silly install nan@2.3.5 C:\Users\Admin\desktop\google-auth\node_modules\.staging\nan-960750e9
380 info lifecycle nan@2.3.5~install: nan@2.3.5
381 silly lifecycle nan@2.3.5~install: no script for install, continuing
382 silly install bcrypt@0.8.7 C:\Users\Admin\desktop\google-auth\node_modules\.staging\bcrypt-4b28b669
383 info lifecycle bcrypt@0.8.7~install: bcrypt@0.8.7
384 verbose lifecycle bcrypt@0.8.7~install: unsafe-perm in lifecycle true
385 verbose lifecycle bcrypt@0.8.7~install: PATH: C:\Program Files\nodejs\node_modules\npm\bin\node-gyp-bin;C:\Users\Admin\desktop\google-auth\node_modules\bcrypt\node_modules\.bin;C:\Users\Admin\desktop\google-auth\node_modules\.bin;C:\ProgramData\Oracle\Java\javapath;C:\Program Files\nodejs;C:\Program Files (x86)\Heroku\bin;C:\Program Files (x86)\git\cmd;C:\Program Files\Git\cmd;C:\Program Files\nodejs\;C:\Ruby22-x64\bin;C:\ProgramData\Oracle\Java\javapath;C:\Program Files\nodejs;C:\Program Files (x86)\Heroku\bin;C:\Program Files (x86)\git\cmd;C:\Program Files\Git\cmd;C:\Program Files\nodejs\;C:\Ruby22-x64\bin;C:\ProgramData\Oracle\Java\javapath;C:\Program Files\nodejs;C:\Program Files (x86)\Heroku\bin;C:\Program Files (x86)\git\cmd;C:\Program Files\Git\cmd;C:\Program Files\nodejs\;C:\Ruby22-x64\bin;C:\Windows\System32;C:\Users\Admin\AppData\Local\Programs\Python\Python35\Scripts\;C:\Users\Admin\AppData\Local\Programs\Python\Python35\;C:\Program Files\nodejs;C:\Users\Admin\AppData\Local\atom\bin;C:\Users\Admin\AppData\Roaming\npm;C:\Program Files\MySQL\MySQL Server 5.7\bin;C:\Program Files (x86)\Microsoft VS Code\bin;C:\Program Files\Java\jre1.8.0_111\bin;C:\Program Files\Docker Toolbox
386 verbose lifecycle bcrypt@0.8.7~install: CWD: C:\Users\Admin\desktop\google-auth\node_modules\bcrypt
387 silly lifecycle bcrypt@0.8.7~install: Args: [ '/d /s /c', 'node-gyp rebuild' ]
388 silly lifecycle bcrypt@0.8.7~install: Returned: code: 1  signal: null
389 info lifecycle bcrypt@0.8.7~install: Failed to exec install script
390 verbose unlock done using C:\Users\Admin\AppData\Roaming\npm-cache\_locks\staging-eafd2494bf83ab71.lock for C:\Users\Admin\desktop\google-auth\node_modules\.staging
391 silly rollbackFailedOptional Starting
392 silly rollbackFailedOptional Finishing
393 silly runTopLevelLifecycles Finishing
394 silly install printInstalled
395 verbose stack Error: bcrypt@0.8.7 install: `node-gyp rebuild`
395 verbose stack Exit status 1
395 verbose stack     at EventEmitter.<anonymous> (C:\Program Files\nodejs\node_modules\npm\lib\utils\lifecycle.js:255:16)
395 verbose stack     at emitTwo (events.js:106:13)
395 verbose stack     at EventEmitter.emit (events.js:191:7)
395 verbose stack     at ChildProcess.<anonymous> (C:\Program Files\nodejs\node_modules\npm\lib\utils\spawn.js:40:14)
395 verbose stack     at emitTwo (events.js:106:13)
395 verbose stack     at ChildProcess.emit (events.js:191:7)
395 verbose stack     at maybeClose (internal/child_process.js:877:16)
395 verbose stack     at Process.ChildProcess._handle.onexit (internal/child_process.js:226:5)
396 verbose pkgid bcrypt@0.8.7
397 verbose cwd C:\Users\Admin\desktop\google-auth
398 error Windows_NT 6.3.9600
399 error argv "C:\\Program Files\\nodejs\\node.exe" "C:\\Program Files\\nodejs\\node_modules\\npm\\bin\\npm-cli.js" "install" "bcrypt" "--save"
400 error node v6.9.2
401 error npm  v3.10.9
402 error code ELIFECYCLE
403 error bcrypt@0.8.7 install: `node-gyp rebuild`
403 error Exit status 1
404 error Failed at the bcrypt@0.8.7 install script 'node-gyp rebuild'.
404 error Make sure you have the latest version of node.js and npm installed.
404 error If you do, this is most likely a problem with the bcrypt package,
404 error not with npm itself.
404 error Tell the author that this fails on your system:
404 error     node-gyp rebuild
404 error You can get information on how to open an issue for this project with:
404 error     npm bugs bcrypt
404 error Or if that isn't available, you can get their info via:
404 error     npm owner ls bcrypt
404 error There is likely additional logging output above.
405 verbose exit [ 1, true ]
